<?xml version="1.0" encoding="UTF-8"?>
<!-- Generated by org.testng.reporters.JUnitReportReporter -->
<testsuite hostname="U4-DPE-CPU-0213" name="com.demostoreqa.FunctionalTests.DemoStoreQAFunctionalTest" tests="1" failures="0" timestamp="2 Feb 2017 09:21:23 GMT" time="0.005" errors="1">
  <testcase name="verifyUserIsAbleToPurchaseMultipleProduct" time="0.005" classname="com.demostoreqa.FunctionalTests.DemoStoreQAFunctionalTest">
    <error type="org.openqa.selenium.SessionNotCreatedException" message="Unable to create new remote session. desired capabilities = Capabilities [{marionette=true, browserName=firefox, version=51.0.1, platform=VISTA}], required capabilities = Capabilities [{}]
Build info: version: &#039;3.0.1&#039;, revision: &#039;1969d75&#039;, time: &#039;2016-10-18 09:49:13 -0700&#039;
System info: host: &#039;U4-DPE-CPU-0213&#039;, ip: &#039;10.10.124.137&#039;, os.name: &#039;Windows 7&#039;, os.arch: &#039;amd64&#039;, os.version: &#039;6.1&#039;, java.version: &#039;1.8.0_20&#039;
Driver info: driver.version: RemoteWebDriver">
      <![CDATA[org.openqa.selenium.SessionNotCreatedException: Unable to create new remote session. desired capabilities = Capabilities [{marionette=true, browserName=firefox, version=51.0.1, platform=VISTA}], required capabilities = Capabilities [{}]
Build info: version: '3.0.1', revision: '1969d75', time: '2016-10-18 09:49:13 -0700'
System info: host: 'U4-DPE-CPU-0213', ip: '10.10.124.137', os.name: 'Windows 7', os.arch: 'amd64', os.version: '6.1', java.version: '1.8.0_20'
Driver info: driver.version: RemoteWebDriver
	at org.openqa.selenium.remote.ProtocolHandshake.createSession(ProtocolHandshake.java:91)
	at org.openqa.selenium.remote.HttpCommandExecutor.execute(HttpCommandExecutor.java:141)
	at org.openqa.selenium.remote.RemoteWebDriver.execute(RemoteWebDriver.java:601)
	at org.openqa.selenium.remote.RemoteWebDriver.startSession(RemoteWebDriver.java:241)
	at org.openqa.selenium.remote.RemoteWebDriver.<init>(RemoteWebDriver.java:128)
	at org.openqa.selenium.remote.RemoteWebDriver.<init>(RemoteWebDriver.java:155)
	at com.demostoreqa.FunctionalTests.DemoStoreQAFunctionalTest.setUp(DemoStoreQAFunctionalTest.java:63)
	at sun.reflect.NativeMethodAccessorImpl.invoke0(Native Method)
	at sun.reflect.NativeMethodAccessorImpl.invoke(Unknown Source)
	at sun.reflect.DelegatingMethodAccessorImpl.invoke(Unknown Source)
	at java.lang.reflect.Method.invoke(Unknown Source)
	at org.testng.internal.MethodInvocationHelper.invokeMethod(MethodInvocationHelper.java:86)
	at org.testng.internal.Invoker.invokeConfigurationMethod(Invoker.java:515)
	at org.testng.internal.Invoker.invokeConfigurations(Invoker.java:216)
	at org.testng.internal.Invoker.invokeMethod(Invoker.java:590)
	at org.testng.internal.Invoker.invokeTestMethod(Invoker.java:823)
	at org.testng.internal.Invoker.invokeTestMethods(Invoker.java:1131)
	at org.testng.internal.TestMethodWorker.invokeTestMethods(TestMethodWorker.java:129)
	at org.testng.internal.TestMethodWorker.run(TestMethodWorker.java:112)
	at org.testng.TestRunner.privateRun(TestRunner.java:778)
	at org.testng.TestRunner.run(TestRunner.java:632)
	at org.testng.SuiteRunner.runTest(SuiteRunner.java:366)
	at org.testng.SuiteRunner.access$000(SuiteRunner.java:39)
	at org.testng.SuiteRunner$SuiteWorker.run(SuiteRunner.java:400)
	at org.testng.internal.thread.ThreadUtil$2.call(ThreadUtil.java:64)
	at java.util.concurrent.FutureTask.run(Unknown Source)
	at java.util.concurrent.ThreadPoolExecutor.runWorker(Unknown Source)
	at java.util.concurrent.ThreadPoolExecutor$Worker.run(Unknown Source)
	at java.lang.Thread.run(Unknown Source)
]]>
    </error>
  </testcase> <!-- verifyUserIsAbleToPurchaseMultipleProduct -->
</testsuite> <!-- com.demostoreqa.FunctionalTests.DemoStoreQAFunctionalTest -->
