<?xml version="1.0" encoding="UTF-8"?>
<!-- Generated by org.testng.reporters.JUnitReportReporter -->
<testsuite hostname="U4-DPE-CPU-0213" name="com.demostoreqa.FunctionalTests.DemoStoreQAFunctionalTest" tests="1" failures="0" timestamp="8 Feb 2017 11:26:29 GMT" time="44.348" errors="0">
  <testcase name="verifyUserIsAbleToPurchaseSingleProduct" time="44.348" classname="com.demostoreqa.FunctionalTests.DemoStoreQAFunctionalTest"/>
</testsuite> <!-- com.demostoreqa.FunctionalTests.DemoStoreQAFunctionalTest -->
